# JRE version: OpenJDK Runtime Environment (11.0.10) (build 11.0.10+0-b96-7249189)
# Java VM: OpenJDK 64-Bit Server VM (11.0.10+0-b96-7249189, mixed mode, tiered, compressed oops, g1 gc, windows-amd64)
Heap:
 garbage-first heap   total 152576K, used 107201K [0x0000000080000000, 0x0000000100000000)
  region size 1024K, 31 young (31744K), 5 survivors (5120K)
 Metaspace       used 77744K, capacity 79744K, committed 79920K, reserved 1118208K
  class space    used 9893K, capacity 10623K, committed 10624K, reserved 1048576K
GC Heap History (20 events):
Event: 26.692 GC heap before
{Heap before GC invocations=45 (full 0):
 garbage-first heap   total 97280K, used 75675K [0x0000000080000000, 0x0000000100000000)
  region size 1024K, 21 young (21504K), 3 survivors (3072K)
 Metaspace       used 50896K, capacity 52269K, committed 52400K, reserved 1095680K
  class space    used 6614K, capacity 7118K, committed 7168K, reserved 1048576K
}
Event: 26.699 GC heap after
{Heap after GC invocations=46 (full 0):
 garbage-first heap   total 97280K, used 58318K [0x0000000080000000, 0x0000000100000000)
  region size 1024K, 3 young (3072K), 3 survivors (3072K)
 Metaspace       used 50896K, capacity 52269K, committed 52400K, reserved 1095680K
  class space    used 6614K, capacity 7118K, committed 7168K, reserved 1048576K
}
Event: 27.366 GC heap before
{Heap before GC invocations=46 (full 0):
 garbage-first heap   total 97280K, used 76750K [0x0000000080000000, 0x0000000100000000)
  region size 1024K, 21 young (21504K), 3 survivors (3072K)
 Metaspace       used 52932K, capacity 54424K, committed 54704K, reserved 1097728K
  class space    used 6872K, capacity 7367K, committed 7424K, reserved 1048576K
}
Event: 27.373 GC heap after
{Heap after GC invocations=47 (full 0):
 garbage-first heap   total 126976K, used 59021K [0x0000000080000000, 0x0000000100000000)
  region size 1024K, 2 young (2048K), 2 survivors (2048K)
 Metaspace       used 52932K, capacity 54424K, committed 54704K, reserved 1097728K
  class space    used 6872K, capacity 7367K, committed 7424K, reserved 1048576K
}
Event: 28.602 GC heap before
{Heap before GC invocations=48 (full 0):
 garbage-first heap   total 126976K, used 94861K [0x0000000080000000, 0x0000000100000000)
  region size 1024K, 37 young (37888K), 2 survivors (2048K)
 Metaspace       used 57482K, capacity 58954K, committed 59056K, reserved 1099776K
  class space    used 7427K, capacity 7932K, committed 7936K, reserved 1048576K
}
Event: 28.610 GC heap after
{Heap after GC invocations=49 (full 0):
 garbage-first heap   total 126976K, used 61872K [0x0000000080000000, 0x0000000100000000)
  region size 1024K, 5 young (5120K), 5 survivors (5120K)
 Metaspace       used 57482K, capacity 58954K, committed 59056K, reserved 1099776K
  class space    used 7427K, capacity 7932K, committed 7936K, reserved 1048576K
}
Event: 33.124 GC heap before
{Heap before GC invocations=49 (full 0):
 garbage-first heap   total 126976K, used 96688K [0x0000000080000000, 0x0000000100000000)
  region size 1024K, 40 young (40960K), 5 survivors (5120K)
 Metaspace       used 62984K, capacity 64666K, committed 64944K, reserved 1105920K
  class space    used 8045K, capacity 8617K, committed 8704K, reserved 1048576K
}
Event: 33.135 GC heap after
{Heap after GC invocations=50 (full 0):
 garbage-first heap   total 126976K, used 63933K [0x0000000080000000, 0x0000000100000000)
  region size 1024K, 3 young (3072K), 3 survivors (3072K)
 Metaspace       used 62984K, capacity 64666K, committed 64944K, reserved 1105920K
  class space    used 8045K, capacity 8617K, committed 8704K, reserved 1048576K
}
Event: 34.378 GC heap before
{Heap before GC invocations=51 (full 0):
 garbage-first heap   total 126976K, used 74173K [0x0000000080000000, 0x0000000100000000)
  region size 1024K, 15 young (15360K), 3 survivors (3072K)
 Metaspace       used 63268K, capacity 64899K, committed 65200K, reserved 1105920K
  class space    used 8057K, capacity 8626K, committed 8704K, reserved 1048576K
}
Event: 34.385 GC heap after
{Heap after GC invocations=52 (full 0):
 garbage-first heap   total 126976K, used 64143K [0x0000000080000000, 0x0000000100000000)
  region size 1024K, 3 young (3072K), 3 survivors (3072K)
 Metaspace       used 63268K, capacity 64899K, committed 65200K, reserved 1105920K
  class space    used 8057K, capacity 8626K, committed 8704K, reserved 1048576K
}
Event: 34.801 GC heap before
{Heap before GC invocations=53 (full 0):
 garbage-first heap   total 126976K, used 72335K [0x0000000080000000, 0x0000000100000000)
  region size 1024K, 10 young (10240K), 3 survivors (3072K)
 Metaspace       used 63273K, capacity 64943K, committed 65200K, reserved 1105920K
  class space    used 8053K, capacity 8618K, committed 8704K, reserved 1048576K
}
Event: 34.826 GC heap after
{Heap after GC invocations=54 (full 0):
 garbage-first heap   total 126976K, used 69941K [0x0000000080000000, 0x0000000100000000)
  region size 1024K, 5 young (5120K), 5 survivors (5120K)
 Metaspace       used 63273K, capacity 64943K, committed 65200K, reserved 1105920K
  class space    used 8053K, capacity 8618K, committed 8704K, reserved 1048576K
}
Event: 36.349 GC heap before
{Heap before GC invocations=55 (full 0):
 garbage-first heap   total 126976K, used 97589K [0x0000000080000000, 0x0000000100000000)
  region size 1024K, 30 young (30720K), 5 survivors (5120K)
 Metaspace       used 64220K, capacity 65943K, committed 66096K, reserved 1105920K
  class space    used 8187K, capacity 8751K, committed 8832K, reserved 1048576K
}
Event: 36.364 GC heap after
{Heap after GC invocations=56 (full 0):
 garbage-first heap   total 152576K, used 74598K [0x0000000080000000, 0x0000000100000000)
  region size 1024K, 3 young (3072K), 3 survivors (3072K)
 Metaspace       used 64220K, capacity 65943K, committed 66096K, reserved 1105920K
  class space    used 8187K, capacity 8751K, committed 8832K, reserved 1048576K
}
Event: 37.852 GC heap before
{Heap before GC invocations=56 (full 0):
 garbage-first heap   total 152576K, used 108390K [0x0000000080000000, 0x0000000100000000)
  region size 1024K, 36 young (36864K), 3 survivors (3072K)
 Metaspace       used 68849K, capacity 70706K, committed 70832K, reserved 1110016K
  class space    used 8754K, capacity 9353K, committed 9472K, reserved 1048576K
}
Event: 37.859 GC heap after
{Heap after GC invocations=57 (full 0):
 garbage-first heap   total 152576K, used 75709K [0x0000000080000000, 0x0000000100000000)
  region size 1024K, 4 young (4096K), 4 survivors (4096K)
 Metaspace       used 68849K, capacity 70706K, committed 70832K, reserved 1110016K
  class space    used 8754K, capacity 9353K, committed 9472K, reserved 1048576K
}
Event: 40.347 GC heap before
{Heap before GC invocations=58 (full 0):
 garbage-first heap   total 152576K, used 111549K [0x0000000080000000, 0x0000000100000000)
  region size 1024K, 39 young (39936K), 4 survivors (4096K)
 Metaspace       used 73641K, capacity 75548K, committed 75696K, reserved 1116160K
  class space    used 9347K, capacity 9983K, committed 9984K, reserved 1048576K
}
Event: 40.369 GC heap after
{Heap after GC invocations=59 (full 0):
 garbage-first heap   total 152576K, used 77862K [0x0000000080000000, 0x0000000100000000)
  region size 1024K, 4 young (4096K), 4 survivors (4096K)
 Metaspace       used 73641K, capacity 75548K, committed 75696K, reserved 1116160K
  class space    used 9347K, capacity 9983K, committed 9984K, reserved 1048576K
}
Event: 41.837 GC heap before
{Heap before GC invocations=59 (full 0):
 garbage-first heap   total 152576K, used 113702K [0x0000000080000000, 0x0000000100000000)
  region size 1024K, 40 young (40960K), 4 survivors (4096K)
 Metaspace       used 76632K, capacity 78528K, committed 78768K, reserved 1118208K
  class space    used 9739K, capacity 10415K, committed 10496K, reserved 1048576K
}
Event: 41.852 GC heap after
{Heap after GC invocations=60 (full 0):
 garbage-first heap   total 152576K, used 80577K [0x0000000080000000, 0x0000000100000000)
  region size 1024K, 5 young (5120K), 5 survivors (5120K)
 Metaspace       used 76632K, capacity 78528K, committed 78768K, reserved 1118208K
  class space    used 9739K, capacity 10415K, committed 10496K, reserved 1048576K
}

